# JRE version: OpenJDK Runtime Environment Temurin-17.0.4.1+1 (17.0.4.1+1) (build 17.0.4.1+1)
# Java VM: OpenJDK 64-Bit Server VM Temurin-17.0.4.1+1 (17.0.4.1+1, mixed mode, tiered, compressed oops, compressed class ptrs, g1 gc, windows-amd64)
GC Precious Log:
 CPUs: 8 total, 8 available
 Memory: 6990M
 Large Page Support: Disabled
 NUMA Support: Disabled
 Compressed Oops: Enabled (32-bit)
 Heap Region Size: 1M
 Heap Min Capacity: 8M
 Heap Initial Capacity: 110M
 Heap Max Capacity: 1748M
 Pre-touch: Disabled
 Parallel Workers: 8
 Concurrent Workers: 2
 Concurrent Refinement Workers: 8
 Periodic GC: Disabled
Heap:
 garbage-first heap   total 219136K, used 61644K [0x0000000092c00000, 0x0000000100000000)
  region size 1024K, 62 young (63488K), 2 survivors (2048K)
 Metaspace       used 7236K, committed 7360K, reserved 1056768K
  class space    used 605K, committed 704K, reserved 1048576K
GC Heap History (14 events):
Event: 0.537 GC heap before
{Heap before GC invocations=0 (full 0):
 garbage-first heap   total 112640K, used 23552K [0x0000000092c00000, 0x0000000100000000)
  region size 1024K, 23 young (23552K), 0 survivors (0K)
 Metaspace       used 6186K, committed 6400K, reserved 1056768K
  class space    used 506K, committed 640K, reserved 1048576K
}
Event: 0.541 GC heap after
{Heap after GC invocations=1 (full 0):
 garbage-first heap   total 112640K, used 1152K [0x0000000092c00000, 0x0000000100000000)
  region size 1024K, 2 young (2048K), 2 survivors (2048K)
 Metaspace       used 6186K, committed 6400K, reserved 1056768K
  class space    used 506K, committed 640K, reserved 1048576K
}
Event: 0.591 GC heap before
{Heap before GC invocations=1 (full 0):
 garbage-first heap   total 112640K, used 40064K [0x0000000092c00000, 0x0000000100000000)
  region size 1024K, 40 young (40960K), 2 survivors (2048K)
 Metaspace       used 6198K, committed 6400K, reserved 1056768K
  class space    used 506K, committed 640K, reserved 1048576K
}
Event: 0.596 GC heap after
{Heap after GC invocations=2 (full 0):
 garbage-first heap   total 112640K, used 1118K [0x0000000092c00000, 0x0000000100000000)
  region size 1024K, 2 young (2048K), 2 survivors (2048K)
 Metaspace       used 6198K, committed 6400K, reserved 1056768K
  class space    used 506K, committed 640K, reserved 1048576K
}
Event: 0.649 GC heap before
{Heap before GC invocations=2 (full 0):
 garbage-first heap   total 112640K, used 66654K [0x0000000092c00000, 0x0000000100000000)
  region size 1024K, 66 young (67584K), 2 survivors (2048K)
 Metaspace       used 6200K, committed 6464K, reserved 1056768K
  class space    used 506K, committed 640K, reserved 1048576K
}
Event: 0.652 GC heap after
{Heap after GC invocations=3 (full 0):
 garbage-first heap   total 112640K, used 1119K [0x0000000092c00000, 0x0000000100000000)
  region size 1024K, 2 young (2048K), 2 survivors (2048K)
 Metaspace       used 6200K, committed 6464K, reserved 1056768K
  class space    used 506K, committed 640K, reserved 1048576K
}
Event: 0.680 GC heap before
{Heap before GC invocations=3 (full 0):
 garbage-first heap   total 112640K, used 66655K [0x0000000092c00000, 0x0000000100000000)
  region size 1024K, 66 young (67584K), 2 survivors (2048K)
 Metaspace       used 6205K, committed 6464K, reserved 1056768K
  class space    used 506K, committed 640K, reserved 1048576K
}
Event: 0.683 GC heap after
{Heap after GC invocations=4 (full 0):
 garbage-first heap   total 112640K, used 1222K [0x0000000092c00000, 0x0000000100000000)
  region size 1024K, 2 young (2048K), 2 survivors (2048K)
 Metaspace       used 6205K, committed 6464K, reserved 1056768K
  class space    used 506K, committed 640K, reserved 1048576K
}
Event: 0.735 GC heap before
{Heap before GC invocations=4 (full 0):
 garbage-first heap   total 112640K, used 66758K [0x0000000092c00000, 0x0000000100000000)
  region size 1024K, 66 young (67584K), 2 survivors (2048K)
 Metaspace       used 6305K, committed 6464K, reserved 1056768K
  class space    used 514K, committed 640K, reserved 1048576K
}
Event: 0.738 GC heap after
{Heap after GC invocations=5 (full 0):
 garbage-first heap   total 112640K, used 1217K [0x0000000092c00000, 0x0000000100000000)
  region size 1024K, 2 young (2048K), 2 survivors (2048K)
 Metaspace       used 6305K, committed 6464K, reserved 1056768K
  class space    used 514K, committed 640K, reserved 1048576K
}
Event: 0.817 GC heap before
{Heap before GC invocations=5 (full 0):
 garbage-first heap   total 112640K, used 66753K [0x0000000092c00000, 0x0000000100000000)
  region size 1024K, 66 young (67584K), 2 survivors (2048K)
 Metaspace       used 6394K, committed 6592K, reserved 1056768K
  class space    used 522K, committed 640K, reserved 1048576K
}
Event: 0.822 GC heap after
{Heap after GC invocations=6 (full 0):
 garbage-first heap   total 219136K, used 1219K [0x0000000092c00000, 0x0000000100000000)
  region size 1024K, 2 young (2048K), 2 survivors (2048K)
 Metaspace       used 6394K, committed 6592K, reserved 1056768K
  class space    used 522K, committed 640K, reserved 1048576K
}
Event: 0.975 GC heap before
{Heap before GC invocations=6 (full 0):
 garbage-first heap   total 219136K, used 130243K [0x0000000092c00000, 0x0000000100000000)
  region size 1024K, 128 young (131072K), 2 survivors (2048K)
 Metaspace       used 6394K, committed 6592K, reserved 1056768K
  class space    used 522K, committed 640K, reserved 1048576K
}
Event: 0.978 GC heap after
{Heap after GC invocations=7 (full 0):
 garbage-first heap   total 219136K, used 1228K [0x0000000092c00000, 0x0000000100000000)
  region size 1024K, 2 young (2048K), 2 survivors (2048K)
 Metaspace       used 6394K, committed 6592K, reserved 1056768K
  class space    used 522K, committed 640K, reserved 1048576K
}

