# JRE version: OpenJDK Runtime Environment Temurin-17.0.4.1+1 (17.0.4.1+1) (build 17.0.4.1+1)
# Java VM: OpenJDK 64-Bit Server VM Temurin-17.0.4.1+1 (17.0.4.1+1, mixed mode, tiered, compressed oops, compressed class ptrs, g1 gc, windows-amd64)
GC Precious Log:
 CPUs: 8 total, 8 available
 Memory: 6990M
 Large Page Support: Disabled
 NUMA Support: Disabled
 Compressed Oops: Enabled (32-bit)
 Heap Region Size: 1M
 Heap Min Capacity: 8M
 Heap Initial Capacity: 110M
 Heap Max Capacity: 1748M
 Pre-touch: Disabled
 Parallel Workers: 8
 Concurrent Workers: 2
 Concurrent Refinement Workers: 8
 Periodic GC: Disabled
Heap:
 garbage-first heap   total 260096K, used 5879K [0x0000000092c00000, 0x0000000100000000)
  region size 1024K, 5 young (5120K), 1 survivors (1024K)
 Metaspace       used 7345K, committed 7488K, reserved 1056768K
  class space    used 606K, committed 704K, reserved 1048576K
GC Heap History (20 events):
Event: 15.181 GC heap before
{Heap before GC invocations=239 (full 0):
 garbage-first heap   total 260096K, used 156304K [0x0000000092c00000, 0x0000000100000000)
  region size 1024K, 152 young (155648K), 1 survivors (1024K)
 Metaspace       used 5839K, committed 5952K, reserved 1056768K
  class space    used 472K, committed 512K, reserved 1048576K
}
Event: 15.182 GC heap after
{Heap after GC invocations=240 (full 0):
 garbage-first heap   total 260096K, used 2715K [0x0000000092c00000, 0x0000000100000000)
  region size 1024K, 1 young (1024K), 1 survivors (1024K)
 Metaspace       used 5839K, committed 5952K, reserved 1056768K
  class space    used 472K, committed 512K, reserved 1048576K
}
Event: 15.239 GC heap before
{Heap before GC invocations=240 (full 0):
 garbage-first heap   total 260096K, used 156315K [0x0000000092c00000, 0x0000000100000000)
  region size 1024K, 152 young (155648K), 1 survivors (1024K)
 Metaspace       used 5839K, committed 5952K, reserved 1056768K
  class space    used 472K, committed 512K, reserved 1048576K
}
Event: 15.239 GC heap after
{Heap after GC invocations=241 (full 0):
 garbage-first heap   total 260096K, used 2721K [0x0000000092c00000, 0x0000000100000000)
  region size 1024K, 1 young (1024K), 1 survivors (1024K)
 Metaspace       used 5839K, committed 5952K, reserved 1056768K
  class space    used 472K, committed 512K, reserved 1048576K
}
Event: 15.296 GC heap before
{Heap before GC invocations=241 (full 0):
 garbage-first heap   total 260096K, used 156321K [0x0000000092c00000, 0x0000000100000000)
  region size 1024K, 152 young (155648K), 1 survivors (1024K)
 Metaspace       used 5839K, committed 5952K, reserved 1056768K
  class space    used 472K, committed 512K, reserved 1048576K
}
Event: 15.297 GC heap after
{Heap after GC invocations=242 (full 0):
 garbage-first heap   total 260096K, used 2736K [0x0000000092c00000, 0x0000000100000000)
  region size 1024K, 1 young (1024K), 1 survivors (1024K)
 Metaspace       used 5839K, committed 5952K, reserved 1056768K
  class space    used 472K, committed 512K, reserved 1048576K
}
Event: 15.353 GC heap before
{Heap before GC invocations=242 (full 0):
 garbage-first heap   total 260096K, used 156336K [0x0000000092c00000, 0x0000000100000000)
  region size 1024K, 152 young (155648K), 1 survivors (1024K)
 Metaspace       used 5839K, committed 5952K, reserved 1056768K
  class space    used 472K, committed 512K, reserved 1048576K
}
Event: 15.354 GC heap after
{Heap after GC invocations=243 (full 0):
 garbage-first heap   total 260096K, used 2746K [0x0000000092c00000, 0x0000000100000000)
  region size 1024K, 1 young (1024K), 1 survivors (1024K)
 Metaspace       used 5839K, committed 5952K, reserved 1056768K
  class space    used 472K, committed 512K, reserved 1048576K
}
Event: 15.410 GC heap before
{Heap before GC invocations=243 (full 0):
 garbage-first heap   total 260096K, used 156346K [0x0000000092c00000, 0x0000000100000000)
  region size 1024K, 152 young (155648K), 1 survivors (1024K)
 Metaspace       used 5839K, committed 5952K, reserved 1056768K
  class space    used 472K, committed 512K, reserved 1048576K
}
Event: 15.411 GC heap after
{Heap after GC invocations=244 (full 0):
 garbage-first heap   total 260096K, used 2751K [0x0000000092c00000, 0x0000000100000000)
  region size 1024K, 1 young (1024K), 1 survivors (1024K)
 Metaspace       used 5839K, committed 5952K, reserved 1056768K
  class space    used 472K, committed 512K, reserved 1048576K
}
Event: 15.468 GC heap before
{Heap before GC invocations=244 (full 0):
 garbage-first heap   total 260096K, used 156351K [0x0000000092c00000, 0x0000000100000000)
  region size 1024K, 152 young (155648K), 1 survivors (1024K)
 Metaspace       used 5839K, committed 5952K, reserved 1056768K
  class space    used 472K, committed 512K, reserved 1048576K
}
Event: 15.469 GC heap after
{Heap after GC invocations=245 (full 0):
 garbage-first heap   total 260096K, used 2757K [0x0000000092c00000, 0x0000000100000000)
  region size 1024K, 1 young (1024K), 1 survivors (1024K)
 Metaspace       used 5839K, committed 5952K, reserved 1056768K
  class space    used 472K, committed 512K, reserved 1048576K
}
Event: 15.526 GC heap before
{Heap before GC invocations=245 (full 0):
 garbage-first heap   total 260096K, used 156357K [0x0000000092c00000, 0x0000000100000000)
  region size 1024K, 152 young (155648K), 1 survivors (1024K)
 Metaspace       used 5839K, committed 5952K, reserved 1056768K
  class space    used 472K, committed 512K, reserved 1048576K
}
Event: 15.527 GC heap after
{Heap after GC invocations=246 (full 0):
 garbage-first heap   total 260096K, used 2766K [0x0000000092c00000, 0x0000000100000000)
  region size 1024K, 1 young (1024K), 1 survivors (1024K)
 Metaspace       used 5839K, committed 5952K, reserved 1056768K
  class space    used 472K, committed 512K, reserved 1048576K
}
Event: 15.588 GC heap before
{Heap before GC invocations=246 (full 0):
 garbage-first heap   total 260096K, used 156366K [0x0000000092c00000, 0x0000000100000000)
  region size 1024K, 152 young (155648K), 1 survivors (1024K)
 Metaspace       used 5839K, committed 5952K, reserved 1056768K
  class space    used 472K, committed 512K, reserved 1048576K
}
Event: 15.589 GC heap after
{Heap after GC invocations=247 (full 0):
 garbage-first heap   total 260096K, used 2776K [0x0000000092c00000, 0x0000000100000000)
  region size 1024K, 1 young (1024K), 1 survivors (1024K)
 Metaspace       used 5839K, committed 5952K, reserved 1056768K
  class space    used 472K, committed 512K, reserved 1048576K
}
Event: 15.646 GC heap before
{Heap before GC invocations=247 (full 0):
 garbage-first heap   total 260096K, used 156376K [0x0000000092c00000, 0x0000000100000000)
  region size 1024K, 152 young (155648K), 1 survivors (1024K)
 Metaspace       used 5839K, committed 5952K, reserved 1056768K
  class space    used 472K, committed 512K, reserved 1048576K
}
Event: 15.646 GC heap after
{Heap after GC invocations=248 (full 0):
 garbage-first heap   total 260096K, used 2781K [0x0000000092c00000, 0x0000000100000000)
  region size 1024K, 1 young (1024K), 1 survivors (1024K)
 Metaspace       used 5839K, committed 5952K, reserved 1056768K
  class space    used 472K, committed 512K, reserved 1048576K
}
Event: 15.716 GC heap before
{Heap before GC invocations=248 (full 0):
 garbage-first heap   total 260096K, used 156381K [0x0000000092c00000, 0x0000000100000000)
  region size 1024K, 152 young (155648K), 1 survivors (1024K)
 Metaspace       used 5876K, committed 5952K, reserved 1056768K
  class space    used 473K, committed 512K, reserved 1048576K
}
Event: 15.717 GC heap after
{Heap after GC invocations=249 (full 0):
 garbage-first heap   total 260096K, used 2807K [0x0000000092c00000, 0x0000000100000000)
  region size 1024K, 1 young (1024K), 1 survivors (1024K)
 Metaspace       used 5876K, committed 5952K, reserved 1056768K
  class space    used 473K, committed 512K, reserved 1048576K
}

