# JRE version: OpenJDK Runtime Environment Temurin-17.0.4.1+1 (17.0.4.1+1) (build 17.0.4.1+1)
# Java VM: OpenJDK 64-Bit Server VM Temurin-17.0.4.1+1 (17.0.4.1+1, mixed mode, tiered, compressed oops, compressed class ptrs, g1 gc, windows-amd64)
GC Precious Log:
 CPUs: 8 total, 8 available
 Memory: 6990M
 Large Page Support: Disabled
 NUMA Support: Disabled
 Compressed Oops: Enabled (32-bit)
 Heap Region Size: 1M
 Heap Min Capacity: 8M
 Heap Initial Capacity: 110M
 Heap Max Capacity: 1748M
 Pre-touch: Disabled
 Parallel Workers: 8
 Concurrent Workers: 2
 Concurrent Refinement Workers: 8
 Periodic GC: Disabled
Heap:
 garbage-first heap   total 162816K, used 2048K [0x0000000092c00000, 0x0000000100000000)
  region size 1024K, 3 young (3072K), 1 survivors (1024K)
 Metaspace       used 7259K, committed 7424K, reserved 1056768K
  class space    used 606K, committed 704K, reserved 1048576K
GC Heap History (10 events):
Event: 0.212 GC heap before
{Heap before GC invocations=0 (full 0):
 garbage-first heap   total 112640K, used 23552K [0x0000000092c00000, 0x0000000100000000)
  region size 1024K, 23 young (23552K), 0 survivors (0K)
 Metaspace       used 5786K, committed 5888K, reserved 1056768K
  class space    used 472K, committed 512K, reserved 1048576K
}
Event: 0.214 GC heap after
{Heap after GC invocations=1 (full 0):
 garbage-first heap   total 112640K, used 784K [0x0000000092c00000, 0x0000000100000000)
  region size 1024K, 1 young (1024K), 1 survivors (1024K)
 Metaspace       used 5786K, committed 5888K, reserved 1056768K
  class space    used 472K, committed 512K, reserved 1048576K
}
Event: 0.238 GC heap before
{Heap before GC invocations=1 (full 0):
 garbage-first heap   total 112640K, used 39696K [0x0000000092c00000, 0x0000000100000000)
  region size 1024K, 39 young (39936K), 1 survivors (1024K)
 Metaspace       used 5790K, committed 5888K, reserved 1056768K
  class space    used 472K, committed 512K, reserved 1048576K
}
Event: 0.239 GC heap after
{Heap after GC invocations=2 (full 0):
 garbage-first heap   total 112640K, used 791K [0x0000000092c00000, 0x0000000100000000)
  region size 1024K, 1 young (1024K), 1 survivors (1024K)
 Metaspace       used 5790K, committed 5888K, reserved 1056768K
  class space    used 472K, committed 512K, reserved 1048576K
}
Event: 0.270 GC heap before
{Heap before GC invocations=2 (full 0):
 garbage-first heap   total 112640K, used 67351K [0x0000000092c00000, 0x0000000100000000)
  region size 1024K, 66 young (67584K), 1 survivors (1024K)
 Metaspace       used 5790K, committed 5888K, reserved 1056768K
  class space    used 472K, committed 512K, reserved 1048576K
}
Event: 0.271 GC heap after
{Heap after GC invocations=3 (full 0):
 garbage-first heap   total 112640K, used 777K [0x0000000092c00000, 0x0000000100000000)
  region size 1024K, 1 young (1024K), 1 survivors (1024K)
 Metaspace       used 5790K, committed 5888K, reserved 1056768K
  class space    used 472K, committed 512K, reserved 1048576K
}
Event: 0.290 GC heap before
{Heap before GC invocations=3 (full 0):
 garbage-first heap   total 112640K, used 67337K [0x0000000092c00000, 0x0000000100000000)
  region size 1024K, 66 young (67584K), 1 survivors (1024K)
 Metaspace       used 5790K, committed 5888K, reserved 1056768K
  class space    used 472K, committed 512K, reserved 1048576K
}
Event: 0.291 GC heap after
{Heap after GC invocations=4 (full 0):
 garbage-first heap   total 112640K, used 882K [0x0000000092c00000, 0x0000000100000000)
  region size 1024K, 1 young (1024K), 1 survivors (1024K)
 Metaspace       used 5790K, committed 5888K, reserved 1056768K
  class space    used 472K, committed 512K, reserved 1048576K
}
Event: 0.342 GC heap before
{Heap before GC invocations=4 (full 0):
 garbage-first heap   total 112640K, used 67442K [0x0000000092c00000, 0x0000000100000000)
  region size 1024K, 66 young (67584K), 1 survivors (1024K)
 Metaspace       used 6419K, committed 6528K, reserved 1056768K
  class space    used 527K, committed 576K, reserved 1048576K
}
Event: 0.343 GC heap after
{Heap after GC invocations=5 (full 0):
 garbage-first heap   total 162816K, used 1024K [0x0000000092c00000, 0x0000000100000000)
  region size 1024K, 1 young (1024K), 1 survivors (1024K)
 Metaspace       used 6419K, committed 6528K, reserved 1056768K
  class space    used 527K, committed 576K, reserved 1048576K
}

