# JRE version: OpenJDK Runtime Environment Temurin-17.0.4.1+1 (17.0.4.1+1) (build 17.0.4.1+1)
# Java VM: OpenJDK 64-Bit Server VM Temurin-17.0.4.1+1 (17.0.4.1+1, mixed mode, tiered, compressed oops, compressed class ptrs, g1 gc, windows-amd64)
GC Precious Log:
 CPUs: 8 total, 8 available
 Memory: 6990M
 Large Page Support: Disabled
 NUMA Support: Disabled
 Compressed Oops: Enabled (32-bit)
 Heap Region Size: 1M
 Heap Min Capacity: 8M
 Heap Initial Capacity: 110M
 Heap Max Capacity: 1748M
 Pre-touch: Disabled
 Parallel Workers: 8
 Concurrent Workers: 2
 Concurrent Refinement Workers: 8
 Periodic GC: Disabled
Heap:
 garbage-first heap   total 172032K, used 2045K [0x0000000092c00000, 0x0000000100000000)
  region size 1024K, 3 young (3072K), 1 survivors (1024K)
 Metaspace       used 7251K, committed 7424K, reserved 1056768K
  class space    used 606K, committed 704K, reserved 1048576K
GC Heap History (10 events):
Event: 0.189 GC heap before
{Heap before GC invocations=0 (full 0):
 garbage-first heap   total 112640K, used 23552K [0x0000000092c00000, 0x0000000100000000)
  region size 1024K, 23 young (23552K), 0 survivors (0K)
 Metaspace       used 5783K, committed 5888K, reserved 1056768K
  class space    used 472K, committed 512K, reserved 1048576K
}
Event: 0.192 GC heap after
{Heap after GC invocations=1 (full 0):
 garbage-first heap   total 112640K, used 768K [0x0000000092c00000, 0x0000000100000000)
  region size 1024K, 1 young (1024K), 1 survivors (1024K)
 Metaspace       used 5783K, committed 5888K, reserved 1056768K
  class space    used 472K, committed 512K, reserved 1048576K
}
Event: 0.212 GC heap before
{Heap before GC invocations=1 (full 0):
 garbage-first heap   total 112640K, used 39680K [0x0000000092c00000, 0x0000000100000000)
  region size 1024K, 39 young (39936K), 1 survivors (1024K)
 Metaspace       used 5787K, committed 5888K, reserved 1056768K
  class space    used 472K, committed 512K, reserved 1048576K
}
Event: 0.213 GC heap after
{Heap after GC invocations=2 (full 0):
 garbage-first heap   total 112640K, used 833K [0x0000000092c00000, 0x0000000100000000)
  region size 1024K, 1 young (1024K), 1 survivors (1024K)
 Metaspace       used 5787K, committed 5888K, reserved 1056768K
  class space    used 472K, committed 512K, reserved 1048576K
}
Event: 0.243 GC heap before
{Heap before GC invocations=2 (full 0):
 garbage-first heap   total 112640K, used 67393K [0x0000000092c00000, 0x0000000100000000)
  region size 1024K, 66 young (67584K), 1 survivors (1024K)
 Metaspace       used 5787K, committed 5888K, reserved 1056768K
  class space    used 472K, committed 512K, reserved 1048576K
}
Event: 0.245 GC heap after
{Heap after GC invocations=3 (full 0):
 garbage-first heap   total 112640K, used 838K [0x0000000092c00000, 0x0000000100000000)
  region size 1024K, 1 young (1024K), 1 survivors (1024K)
 Metaspace       used 5787K, committed 5888K, reserved 1056768K
  class space    used 472K, committed 512K, reserved 1048576K
}
Event: 0.266 GC heap before
{Heap before GC invocations=3 (full 0):
 garbage-first heap   total 112640K, used 67398K [0x0000000092c00000, 0x0000000100000000)
  region size 1024K, 66 young (67584K), 1 survivors (1024K)
 Metaspace       used 5787K, committed 5888K, reserved 1056768K
  class space    used 472K, committed 512K, reserved 1048576K
}
Event: 0.268 GC heap after
{Heap after GC invocations=4 (full 0):
 garbage-first heap   total 112640K, used 856K [0x0000000092c00000, 0x0000000100000000)
  region size 1024K, 1 young (1024K), 1 survivors (1024K)
 Metaspace       used 5787K, committed 5888K, reserved 1056768K
  class space    used 472K, committed 512K, reserved 1048576K
}
Event: 0.336 GC heap before
{Heap before GC invocations=4 (full 0):
 garbage-first heap   total 112640K, used 67416K [0x0000000092c00000, 0x0000000100000000)
  region size 1024K, 66 young (67584K), 1 survivors (1024K)
 Metaspace       used 6424K, committed 6528K, reserved 1056768K
  class space    used 528K, committed 576K, reserved 1048576K
}
Event: 0.338 GC heap after
{Heap after GC invocations=5 (full 0):
 garbage-first heap   total 172032K, used 1021K [0x0000000092c00000, 0x0000000100000000)
  region size 1024K, 1 young (1024K), 1 survivors (1024K)
 Metaspace       used 6424K, committed 6528K, reserved 1056768K
  class space    used 528K, committed 576K, reserved 1048576K
}

