# JRE version: OpenJDK Runtime Environment Temurin-17.0.4.1+1 (17.0.4.1+1) (build 17.0.4.1+1)
# Java VM: OpenJDK 64-Bit Server VM Temurin-17.0.4.1+1 (17.0.4.1+1, mixed mode, tiered, compressed oops, compressed class ptrs, g1 gc, windows-amd64)
GC Precious Log:
 CPUs: 8 total, 8 available
 Memory: 6990M
 Large Page Support: Disabled
 NUMA Support: Disabled
 Compressed Oops: Enabled (32-bit)
 Heap Region Size: 1M
 Heap Min Capacity: 8M
 Heap Initial Capacity: 110M
 Heap Max Capacity: 1748M
 Pre-touch: Disabled
 Parallel Workers: 8
 Concurrent Workers: 2
 Concurrent Refinement Workers: 8
 Periodic GC: Disabled
Heap:
 garbage-first heap   total 279552K, used 150183K [0x0000000092c00000, 0x0000000100000000)
  region size 1024K, 147 young (150528K), 1 survivors (1024K)
 Metaspace       used 7346K, committed 7488K, reserved 1056768K
  class space    used 607K, committed 704K, reserved 1048576K
GC Heap History (20 events):
Event: 15.073 GC heap before
{Heap before GC invocations=222 (full 0):
 garbage-first heap   total 279552K, used 167504K [0x0000000092c00000, 0x0000000100000000)
  region size 1024K, 163 young (166912K), 1 survivors (1024K)
 Metaspace       used 5835K, committed 5952K, reserved 1056768K
  class space    used 472K, committed 512K, reserved 1048576K
}
Event: 15.073 GC heap after
{Heap after GC invocations=223 (full 0):
 garbage-first heap   total 279552K, used 2649K [0x0000000092c00000, 0x0000000100000000)
  region size 1024K, 1 young (1024K), 1 survivors (1024K)
 Metaspace       used 5835K, committed 5952K, reserved 1056768K
  class space    used 472K, committed 512K, reserved 1048576K
}
Event: 15.137 GC heap before
{Heap before GC invocations=223 (full 0):
 garbage-first heap   total 279552K, used 167513K [0x0000000092c00000, 0x0000000100000000)
  region size 1024K, 163 young (166912K), 1 survivors (1024K)
 Metaspace       used 5835K, committed 5952K, reserved 1056768K
  class space    used 472K, committed 512K, reserved 1048576K
}
Event: 15.138 GC heap after
{Heap after GC invocations=224 (full 0):
 garbage-first heap   total 279552K, used 2653K [0x0000000092c00000, 0x0000000100000000)
  region size 1024K, 1 young (1024K), 1 survivors (1024K)
 Metaspace       used 5835K, committed 5952K, reserved 1056768K
  class space    used 472K, committed 512K, reserved 1048576K
}
Event: 15.203 GC heap before
{Heap before GC invocations=224 (full 0):
 garbage-first heap   total 279552K, used 167517K [0x0000000092c00000, 0x0000000100000000)
  region size 1024K, 163 young (166912K), 1 survivors (1024K)
 Metaspace       used 5835K, committed 5952K, reserved 1056768K
  class space    used 472K, committed 512K, reserved 1048576K
}
Event: 15.203 GC heap after
{Heap after GC invocations=225 (full 0):
 garbage-first heap   total 279552K, used 2664K [0x0000000092c00000, 0x0000000100000000)
  region size 1024K, 1 young (1024K), 1 survivors (1024K)
 Metaspace       used 5835K, committed 5952K, reserved 1056768K
  class space    used 472K, committed 512K, reserved 1048576K
}
Event: 15.267 GC heap before
{Heap before GC invocations=225 (full 0):
 garbage-first heap   total 279552K, used 167528K [0x0000000092c00000, 0x0000000100000000)
  region size 1024K, 163 young (166912K), 1 survivors (1024K)
 Metaspace       used 5835K, committed 5952K, reserved 1056768K
  class space    used 472K, committed 512K, reserved 1048576K
}
Event: 15.268 GC heap after
{Heap after GC invocations=226 (full 0):
 garbage-first heap   total 279552K, used 2672K [0x0000000092c00000, 0x0000000100000000)
  region size 1024K, 1 young (1024K), 1 survivors (1024K)
 Metaspace       used 5835K, committed 5952K, reserved 1056768K
  class space    used 472K, committed 512K, reserved 1048576K
}
Event: 15.333 GC heap before
{Heap before GC invocations=226 (full 0):
 garbage-first heap   total 279552K, used 167536K [0x0000000092c00000, 0x0000000100000000)
  region size 1024K, 163 young (166912K), 1 survivors (1024K)
 Metaspace       used 5835K, committed 5952K, reserved 1056768K
  class space    used 472K, committed 512K, reserved 1048576K
}
Event: 15.333 GC heap after
{Heap after GC invocations=227 (full 0):
 garbage-first heap   total 279552K, used 2679K [0x0000000092c00000, 0x0000000100000000)
  region size 1024K, 1 young (1024K), 1 survivors (1024K)
 Metaspace       used 5835K, committed 5952K, reserved 1056768K
  class space    used 472K, committed 512K, reserved 1048576K
}
Event: 15.398 GC heap before
{Heap before GC invocations=227 (full 0):
 garbage-first heap   total 279552K, used 167543K [0x0000000092c00000, 0x0000000100000000)
  region size 1024K, 163 young (166912K), 1 survivors (1024K)
 Metaspace       used 5835K, committed 5952K, reserved 1056768K
  class space    used 472K, committed 512K, reserved 1048576K
}
Event: 15.399 GC heap after
{Heap after GC invocations=228 (full 0):
 garbage-first heap   total 279552K, used 2685K [0x0000000092c00000, 0x0000000100000000)
  region size 1024K, 1 young (1024K), 1 survivors (1024K)
 Metaspace       used 5835K, committed 5952K, reserved 1056768K
  class space    used 472K, committed 512K, reserved 1048576K
}
Event: 15.463 GC heap before
{Heap before GC invocations=228 (full 0):
 garbage-first heap   total 279552K, used 167549K [0x0000000092c00000, 0x0000000100000000)
  region size 1024K, 163 young (166912K), 1 survivors (1024K)
 Metaspace       used 5835K, committed 5952K, reserved 1056768K
  class space    used 472K, committed 512K, reserved 1048576K
}
Event: 15.464 GC heap after
{Heap after GC invocations=229 (full 0):
 garbage-first heap   total 279552K, used 2696K [0x0000000092c00000, 0x0000000100000000)
  region size 1024K, 1 young (1024K), 1 survivors (1024K)
 Metaspace       used 5835K, committed 5952K, reserved 1056768K
  class space    used 472K, committed 512K, reserved 1048576K
}
Event: 15.527 GC heap before
{Heap before GC invocations=229 (full 0):
 garbage-first heap   total 279552K, used 167560K [0x0000000092c00000, 0x0000000100000000)
  region size 1024K, 163 young (166912K), 1 survivors (1024K)
 Metaspace       used 5835K, committed 5952K, reserved 1056768K
  class space    used 472K, committed 512K, reserved 1048576K
}
Event: 15.528 GC heap after
{Heap after GC invocations=230 (full 0):
 garbage-first heap   total 279552K, used 2706K [0x0000000092c00000, 0x0000000100000000)
  region size 1024K, 1 young (1024K), 1 survivors (1024K)
 Metaspace       used 5835K, committed 5952K, reserved 1056768K
  class space    used 472K, committed 512K, reserved 1048576K
}
Event: 15.592 GC heap before
{Heap before GC invocations=230 (full 0):
 garbage-first heap   total 279552K, used 167570K [0x0000000092c00000, 0x0000000100000000)
  region size 1024K, 163 young (166912K), 1 survivors (1024K)
 Metaspace       used 5835K, committed 5952K, reserved 1056768K
  class space    used 472K, committed 512K, reserved 1048576K
}
Event: 15.593 GC heap after
{Heap after GC invocations=231 (full 0):
 garbage-first heap   total 279552K, used 2717K [0x0000000092c00000, 0x0000000100000000)
  region size 1024K, 1 young (1024K), 1 survivors (1024K)
 Metaspace       used 5835K, committed 5952K, reserved 1056768K
  class space    used 472K, committed 512K, reserved 1048576K
}
Event: 15.657 GC heap before
{Heap before GC invocations=231 (full 0):
 garbage-first heap   total 279552K, used 167581K [0x0000000092c00000, 0x0000000100000000)
  region size 1024K, 163 young (166912K), 1 survivors (1024K)
 Metaspace       used 5835K, committed 5952K, reserved 1056768K
  class space    used 472K, committed 512K, reserved 1048576K
}
Event: 15.658 GC heap after
{Heap after GC invocations=232 (full 0):
 garbage-first heap   total 279552K, used 2727K [0x0000000092c00000, 0x0000000100000000)
  region size 1024K, 1 young (1024K), 1 survivors (1024K)
 Metaspace       used 5835K, committed 5952K, reserved 1056768K
  class space    used 472K, committed 512K, reserved 1048576K
}

