# JRE version: OpenJDK Runtime Environment Temurin-17.0.4.1+1 (17.0.4.1+1) (build 17.0.4.1+1)
# Java VM: OpenJDK 64-Bit Server VM Temurin-17.0.4.1+1 (17.0.4.1+1, mixed mode, tiered, compressed oops, compressed class ptrs, g1 gc, windows-amd64)
GC Precious Log:
 CPUs: 8 total, 8 available
 Memory: 6990M
 Large Page Support: Disabled
 NUMA Support: Disabled
 Compressed Oops: Enabled (32-bit)
 Heap Region Size: 1M
 Heap Min Capacity: 8M
 Heap Initial Capacity: 110M
 Heap Max Capacity: 1748M
 Pre-touch: Disabled
 Parallel Workers: 8
 Concurrent Workers: 2
 Concurrent Refinement Workers: 8
 Periodic GC: Disabled
Heap:
 garbage-first heap   total 275456K, used 98734K [0x0000000092c00000, 0x0000000100000000)
  region size 1024K, 96 young (98304K), 1 survivors (1024K)
 Metaspace       used 7326K, committed 7488K, reserved 1056768K
  class space    used 607K, committed 704K, reserved 1048576K
GC Heap History (20 events):
Event: 13.957 GC heap before
{Heap before GC invocations=212 (full 0):
 garbage-first heap   total 275456K, used 166251K [0x0000000092c00000, 0x0000000100000000)
  region size 1024K, 161 young (164864K), 1 survivors (1024K)
 Metaspace       used 5836K, committed 5952K, reserved 1056768K
  class space    used 472K, committed 512K, reserved 1048576K
}
Event: 13.958 GC heap after
{Heap after GC invocations=213 (full 0):
 garbage-first heap   total 275456K, used 2420K [0x0000000092c00000, 0x0000000100000000)
  region size 1024K, 1 young (1024K), 1 survivors (1024K)
 Metaspace       used 5836K, committed 5952K, reserved 1056768K
  class space    used 472K, committed 512K, reserved 1048576K
}
Event: 14.025 GC heap before
{Heap before GC invocations=213 (full 0):
 garbage-first heap   total 275456K, used 166260K [0x0000000092c00000, 0x0000000100000000)
  region size 1024K, 161 young (164864K), 1 survivors (1024K)
 Metaspace       used 5836K, committed 5952K, reserved 1056768K
  class space    used 472K, committed 512K, reserved 1048576K
}
Event: 14.026 GC heap after
{Heap after GC invocations=214 (full 0):
 garbage-first heap   total 275456K, used 2428K [0x0000000092c00000, 0x0000000100000000)
  region size 1024K, 1 young (1024K), 1 survivors (1024K)
 Metaspace       used 5836K, committed 5952K, reserved 1056768K
  class space    used 472K, committed 512K, reserved 1048576K
}
Event: 14.093 GC heap before
{Heap before GC invocations=214 (full 0):
 garbage-first heap   total 275456K, used 166268K [0x0000000092c00000, 0x0000000100000000)
  region size 1024K, 161 young (164864K), 1 survivors (1024K)
 Metaspace       used 5836K, committed 5952K, reserved 1056768K
  class space    used 472K, committed 512K, reserved 1048576K
}
Event: 14.094 GC heap after
{Heap after GC invocations=215 (full 0):
 garbage-first heap   total 275456K, used 2439K [0x0000000092c00000, 0x0000000100000000)
  region size 1024K, 1 young (1024K), 1 survivors (1024K)
 Metaspace       used 5836K, committed 5952K, reserved 1056768K
  class space    used 472K, committed 512K, reserved 1048576K
}
Event: 14.161 GC heap before
{Heap before GC invocations=215 (full 0):
 garbage-first heap   total 275456K, used 166279K [0x0000000092c00000, 0x0000000100000000)
  region size 1024K, 161 young (164864K), 1 survivors (1024K)
 Metaspace       used 5836K, committed 5952K, reserved 1056768K
  class space    used 472K, committed 512K, reserved 1048576K
}
Event: 14.162 GC heap after
{Heap after GC invocations=216 (full 0):
 garbage-first heap   total 275456K, used 2447K [0x0000000092c00000, 0x0000000100000000)
  region size 1024K, 1 young (1024K), 1 survivors (1024K)
 Metaspace       used 5836K, committed 5952K, reserved 1056768K
  class space    used 472K, committed 512K, reserved 1048576K
}
Event: 14.234 GC heap before
{Heap before GC invocations=216 (full 0):
 garbage-first heap   total 275456K, used 166287K [0x0000000092c00000, 0x0000000100000000)
  region size 1024K, 161 young (164864K), 1 survivors (1024K)
 Metaspace       used 5836K, committed 5952K, reserved 1056768K
  class space    used 472K, committed 512K, reserved 1048576K
}
Event: 14.235 GC heap after
{Heap after GC invocations=217 (full 0):
 garbage-first heap   total 275456K, used 2454K [0x0000000092c00000, 0x0000000100000000)
  region size 1024K, 1 young (1024K), 1 survivors (1024K)
 Metaspace       used 5836K, committed 5952K, reserved 1056768K
  class space    used 472K, committed 512K, reserved 1048576K
}
Event: 14.311 GC heap before
{Heap before GC invocations=217 (full 0):
 garbage-first heap   total 275456K, used 166294K [0x0000000092c00000, 0x0000000100000000)
  region size 1024K, 161 young (164864K), 1 survivors (1024K)
 Metaspace       used 5836K, committed 5952K, reserved 1056768K
  class space    used 472K, committed 512K, reserved 1048576K
}
Event: 14.311 GC heap after
{Heap after GC invocations=218 (full 0):
 garbage-first heap   total 275456K, used 2460K [0x0000000092c00000, 0x0000000100000000)
  region size 1024K, 1 young (1024K), 1 survivors (1024K)
 Metaspace       used 5836K, committed 5952K, reserved 1056768K
  class space    used 472K, committed 512K, reserved 1048576K
}
Event: 14.386 GC heap before
{Heap before GC invocations=218 (full 0):
 garbage-first heap   total 275456K, used 166300K [0x0000000092c00000, 0x0000000100000000)
  region size 1024K, 161 young (164864K), 1 survivors (1024K)
 Metaspace       used 5836K, committed 5952K, reserved 1056768K
  class space    used 472K, committed 512K, reserved 1048576K
}
Event: 14.386 GC heap after
{Heap after GC invocations=219 (full 0):
 garbage-first heap   total 275456K, used 2461K [0x0000000092c00000, 0x0000000100000000)
  region size 1024K, 1 young (1024K), 1 survivors (1024K)
 Metaspace       used 5836K, committed 5952K, reserved 1056768K
  class space    used 472K, committed 512K, reserved 1048576K
}
Event: 14.462 GC heap before
{Heap before GC invocations=219 (full 0):
 garbage-first heap   total 275456K, used 166301K [0x0000000092c00000, 0x0000000100000000)
  region size 1024K, 161 young (164864K), 1 survivors (1024K)
 Metaspace       used 5836K, committed 5952K, reserved 1056768K
  class space    used 472K, committed 512K, reserved 1048576K
}
Event: 14.463 GC heap after
{Heap after GC invocations=220 (full 0):
 garbage-first heap   total 275456K, used 2469K [0x0000000092c00000, 0x0000000100000000)
  region size 1024K, 1 young (1024K), 1 survivors (1024K)
 Metaspace       used 5836K, committed 5952K, reserved 1056768K
  class space    used 472K, committed 512K, reserved 1048576K
}
Event: 14.542 GC heap before
{Heap before GC invocations=220 (full 0):
 garbage-first heap   total 275456K, used 166309K [0x0000000092c00000, 0x0000000100000000)
  region size 1024K, 161 young (164864K), 1 survivors (1024K)
 Metaspace       used 5836K, committed 5952K, reserved 1056768K
  class space    used 472K, committed 512K, reserved 1048576K
}
Event: 14.542 GC heap after
{Heap after GC invocations=221 (full 0):
 garbage-first heap   total 275456K, used 2474K [0x0000000092c00000, 0x0000000100000000)
  region size 1024K, 1 young (1024K), 1 survivors (1024K)
 Metaspace       used 5836K, committed 5952K, reserved 1056768K
  class space    used 472K, committed 512K, reserved 1048576K
}
Event: 14.619 GC heap before
{Heap before GC invocations=221 (full 0):
 garbage-first heap   total 275456K, used 166314K [0x0000000092c00000, 0x0000000100000000)
  region size 1024K, 161 young (164864K), 1 survivors (1024K)
 Metaspace       used 5836K, committed 5952K, reserved 1056768K
  class space    used 472K, committed 512K, reserved 1048576K
}
Event: 14.620 GC heap after
{Heap after GC invocations=222 (full 0):
 garbage-first heap   total 275456K, used 2478K [0x0000000092c00000, 0x0000000100000000)
  region size 1024K, 1 young (1024K), 1 survivors (1024K)
 Metaspace       used 5836K, committed 5952K, reserved 1056768K
  class space    used 472K, committed 512K, reserved 1048576K
}

